corrupted size vs. prev_size

Program received signal SIGABRT: Process abort signal.

Backtrace for this error:
#0  0x7f7674c99acf in ???
#1  0x7f7674c99a4f in ???
#2  0x7f7674c6cdb4 in ???
#3  0x7f7674cdc056 in ???
#4  0x7f7674ce31bb in ???
#5  0x7f7674ce3a15 in ???
#6  0x7f7674ce4e4a in ???
#7  0x40f7ab in ???
#8  0x405e4c in ???
#9  0x7f7674c85ca2 in ???
#10  0x405e8d in ???
#11  0xffffffffffffffff in ???
srun: error: a017: task 0: Aborted (core dumped)
srun: Terminating job step 3083932.0
srun: error: a024: task 7: Terminated
srun: error: a022: task 5: Terminated
srun: error: a021: task 4: Terminated
srun: error: a018: task 1: Terminated
srun: error: a020: task 3: Terminated
srun: error: a023: task 6: Terminated
srun: error: a019: task 2: Terminated
srun: Force Terminated job step 3083932.0

real	4m2,845s
user	0m0,011s
sys	0m0,010s
