free(): invalid next size (normal)

Program received signal SIGABRT: Process abort signal.

Backtrace for this error:
#0  0x7f0eb81d0acf in ???
#1  0x7f0eb81d0a4f in ???
#2  0x7f0eb81a3db4 in ???
#3  0x7f0eb8213056 in ???
#4  0x7f0eb821a1bb in ???
#5  0x7f0eb821bdfb in ???
#6  0x40f7dc in ???
#7  0x405e4c in ???
#8  0x7f0eb81bcca2 in ???
#9  0x405e8d in ???
#10  0xffffffffffffffff in ???
srun: error: a017: task 0: Aborted (core dumped)
srun: Terminating job step 3083931.0
srun: error: a022: task 5: Terminated
srun: error: a023: task 6: Terminated
srun: error: a018: task 1: Terminated
srun: error: a020: task 3: Terminated
srun: error: a021: task 4: Terminated
srun: error: a024: task 7: Terminated
srun: error: a019: task 2: Terminated
srun: Force Terminated job step 3083931.0

real	5m2,553s
user	0m0,007s
sys	0m0,012s
